[debug] [2019-04-18T12:46:19.347Z] ----------------------------------------------------------------------
[debug] [2019-04-18T12:46:19.350Z] Command:       C:\Program Files\nodejs\node.exe C:\Users\pijho\AppData\Roaming\npm\node_modules\firebase-tools\lib\bin\firebase.js deploy --only hosting
[debug] [2019-04-18T12:46:19.350Z] CLI Version:   6.6.0
[debug] [2019-04-18T12:46:19.350Z] Platform:      win32
[debug] [2019-04-18T12:46:19.350Z] Node Version:  v10.15.3
[debug] [2019-04-18T12:46:19.352Z] Time:          Thu Apr 18 2019 21:46:19 GMT+0900 (GMT+09:00)
[debug] [2019-04-18T12:46:19.352Z] ----------------------------------------------------------------------
[debug] 
[debug] [2019-04-18T12:46:19.364Z] > command requires scopes: ["email","openid","https://www.googleapis.com/auth/cloudplatformprojects.readonly","https://www.googleapis.com/auth/firebase","https://www.googleapis.com/auth/cloud-platform"]
[debug] [2019-04-18T12:46:19.365Z] > authorizing via signed-in user
[debug] [2019-04-18T12:46:19.365Z] [iam] checking project btu-korea-task for permissions ["firebase.projects.get","firebasehosting.sites.update"]
[debug] [2019-04-18T12:46:19.368Z] > refreshing access token with scopes: ["email","https://www.googleapis.com/auth/cloud-platform","https://www.googleapis.com/auth/cloudplatformprojects.readonly","https://www.googleapis.com/auth/firebase","openid"]
[debug] [2019-04-18T12:46:19.368Z] >>> HTTP REQUEST POST https://www.googleapis.com/oauth2/v3/token  
 <request body omitted>
[debug] [2019-04-18T12:46:19.734Z] <<< HTTP RESPONSE 200
[debug] [2019-04-18T12:46:19.749Z] >>> HTTP REQUEST POST https://cloudresourcemanager.googleapis.com/v1/projects/btu-korea-task:testIamPermissions  

[debug] [2019-04-18T12:46:21.032Z] <<< HTTP RESPONSE 200
[debug] [2019-04-18T12:46:21.034Z] >>> HTTP REQUEST GET https://firebase.googleapis.com/v1beta1/projects/btu-korea-task  
 
[debug] [2019-04-18T12:46:21.973Z] <<< HTTP RESPONSE 200
[info] 
[info] === Deploying to 'btu-korea-task'...
[info] 
[info] i  deploying hosting
[debug] [2019-04-18T12:46:21.985Z] >>> HTTP REQUEST POST https://firebasehosting.googleapis.com/v1beta1/sites/btu-korea-task/versions  

[debug] [2019-04-18T12:46:24.149Z] <<< HTTP RESPONSE 200
[info] i  hosting[btu-korea-task]: beginning deploy...
[info] i  hosting[btu-korea-task]: found 11 files in dist
[debug] [2019-04-18T12:46:24.188Z] [hosting] hash cache [ZGlzdA] load error: lines is not defined
[debug] [2019-04-18T12:46:25.405Z] [hosting] hash cache [ZGlzdA] stored for 11 files
[debug] [2019-04-18T12:46:25.405Z] [hosting][hash queue][FINAL]
[debug] [2019-04-18T12:46:25.405Z] >>> HTTP REQUEST POST https://firebasehosting.googleapis.com/v1beta1/sites/btu-korea-task/versions/8607d64f9e58bd04:populateFiles  
 <request body omitted>
